# JRE version: OpenJDK Runtime Environment Temurin-21.0.10+7 (21.0.10+7) (build 21.0.10+7-LTS)
# Java VM: OpenJDK 64-Bit Server VM Temurin-21.0.10+7 (21.0.10+7-LTS, mixed mode, sharing, tiered, compressed oops, compressed class ptrs, parallel gc, windows-amd64)
GC Precious Log:
 CardTable entry size: 512
 CPUs: 12 total, 12 available
 Memory: 7528M
 Large Page Support: Disabled
 NUMA Support: Disabled
 Compressed Oops: Enabled (32-bit)
 Alignments: Space 512K, Generation 512K, Heap 2M
 Heap Min Capacity: 100M
 Heap Initial Capacity: 100M
 Heap Max Capacity: 2G
 Pre-touch: Disabled
 Parallel Workers: 10
Heap:
 PSYoungGen      total 16896K, used 5846K [0x00000000d5580000, 0x00000000d7380000, 0x0000000100000000)
  eden space 15360K, 28% used [0x00000000d5580000,0x00000000d59bd8b8,0x00000000d6480000)
  from space 1536K, 97% used [0x00000000d6a00000,0x00000000d6b78010,0x00000000d6b80000)
  to   space 5632K, 0% used [0x00000000d6480000,0x00000000d6480000,0x00000000d6a00000)
 ParOldGen       total 68608K, used 47265K [0x0000000080000000, 0x0000000084300000, 0x00000000d5580000)
  object space 68608K, 68% used [0x0000000080000000,0x0000000082e28708,0x0000000084300000)
 Metaspace       used 65004K, committed 66368K, reserved 1114112K
  class space    used 8264K, committed 8896K, reserved 1048576K
GC Heap History (20 events):
Event: 47.893 GC heap before
{Heap before GC invocations=42 (full 3):
 PSYoungGen      total 19968K, used 19937K [0x00000000d5580000, 0x00000000d6b80000, 0x0000000100000000)
  eden space 19456K, 99% used [0x00000000d5580000,0x00000000d687d688,0x00000000d6880000)
  from space 512K, 96% used [0x00000000d6a80000,0x00000000d6afb010,0x00000000d6b00000)
  to   space 1536K, 0% used [0x00000000d6880000,0x00000000d6880000,0x00000000d6a00000)
 ParOldGen       total 68608K, used 41443K [0x0000000080000000, 0x0000000084300000, 0x00000000d5580000)
  object space 68608K, 60% used [0x0000000080000000,0x0000000082878cf0,0x0000000084300000)
 Metaspace       used 60190K, committed 61504K, reserved 1114112K
  class space    used 7600K, committed 8192K, reserved 1048576K
}
Event: 47.894 GC heap after
{Heap after GC invocations=42 (full 3):
 PSYoungGen      total 20992K, used 1327K [0x00000000d5580000, 0x00000000d6b80000, 0x0000000100000000)
  eden space 19456K, 0% used [0x00000000d5580000,0x00000000d5580000,0x00000000d6880000)
  from space 1536K, 86% used [0x00000000d6880000,0x00000000d69cbf78,0x00000000d6a00000)
  to   space 1536K, 0% used [0x00000000d6a00000,0x00000000d6a00000,0x00000000d6b80000)
 ParOldGen       total 68608K, used 41499K [0x0000000080000000, 0x0000000084300000, 0x00000000d5580000)
  object space 68608K, 60% used [0x0000000080000000,0x0000000082886cf0,0x0000000084300000)
 Metaspace       used 60190K, committed 61504K, reserved 1114112K
  class space    used 7600K, committed 8192K, reserved 1048576K
}
Event: 48.277 GC heap before
{Heap before GC invocations=43 (full 3):
 PSYoungGen      total 20992K, used 20783K [0x00000000d5580000, 0x00000000d6b80000, 0x0000000100000000)
  eden space 19456K, 100% used [0x00000000d5580000,0x00000000d6880000,0x00000000d6880000)
  from space 1536K, 86% used [0x00000000d6880000,0x00000000d69cbf78,0x00000000d6a00000)
  to   space 1536K, 0% used [0x00000000d6a00000,0x00000000d6a00000,0x00000000d6b80000)
 ParOldGen       total 68608K, used 41499K [0x0000000080000000, 0x0000000084300000, 0x00000000d5580000)
  object space 68608K, 60% used [0x0000000080000000,0x0000000082886cf0,0x0000000084300000)
 Metaspace       used 60190K, committed 61504K, reserved 1114112K
  class space    used 7600K, committed 8192K, reserved 1048576K
}
Event: 48.279 GC heap after
{Heap after GC invocations=43 (full 3):
 PSYoungGen      total 20992K, used 918K [0x00000000d5580000, 0x00000000d6b80000, 0x0000000100000000)
  eden space 19456K, 0% used [0x00000000d5580000,0x00000000d5580000,0x00000000d6880000)
  from space 1536K, 59% used [0x00000000d6a00000,0x00000000d6ae5b50,0x00000000d6b80000)
  to   space 1536K, 0% used [0x00000000d6880000,0x00000000d6880000,0x00000000d6a00000)
 ParOldGen       total 68608K, used 41579K [0x0000000080000000, 0x0000000084300000, 0x00000000d5580000)
  object space 68608K, 60% used [0x0000000080000000,0x000000008289acf0,0x0000000084300000)
 Metaspace       used 60190K, committed 61504K, reserved 1114112K
  class space    used 7600K, committed 8192K, reserved 1048576K
}
Event: 48.598 GC heap before
{Heap before GC invocations=44 (full 3):
 PSYoungGen      total 20992K, used 20374K [0x00000000d5580000, 0x00000000d6b80000, 0x0000000100000000)
  eden space 19456K, 100% used [0x00000000d5580000,0x00000000d6880000,0x00000000d6880000)
  from space 1536K, 59% used [0x00000000d6a00000,0x00000000d6ae5b50,0x00000000d6b80000)
  to   space 1536K, 0% used [0x00000000d6880000,0x00000000d6880000,0x00000000d6a00000)
 ParOldGen       total 68608K, used 41579K [0x0000000080000000, 0x0000000084300000, 0x00000000d5580000)
  object space 68608K, 60% used [0x0000000080000000,0x000000008289acf0,0x0000000084300000)
 Metaspace       used 60190K, committed 61504K, reserved 1114112K
  class space    used 7600K, committed 8192K, reserved 1048576K
}
Event: 48.600 GC heap after
{Heap after GC invocations=44 (full 3):
 PSYoungGen      total 19968K, used 309K [0x00000000d5580000, 0x00000000d6a80000, 0x0000000100000000)
  eden space 19456K, 0% used [0x00000000d5580000,0x00000000d5580000,0x00000000d6880000)
  from space 512K, 60% used [0x00000000d6880000,0x00000000d68cd6b8,0x00000000d6900000)
  to   space 1024K, 0% used [0x00000000d6980000,0x00000000d6980000,0x00000000d6a80000)
 ParOldGen       total 68608K, used 41587K [0x0000000080000000, 0x0000000084300000, 0x00000000d5580000)
  object space 68608K, 60% used [0x0000000080000000,0x000000008289ccf0,0x0000000084300000)
 Metaspace       used 60190K, committed 61504K, reserved 1114112K
  class space    used 7600K, committed 8192K, reserved 1048576K
}
Event: 49.129 GC heap before
{Heap before GC invocations=45 (full 3):
 PSYoungGen      total 19968K, used 19765K [0x00000000d5580000, 0x00000000d6a80000, 0x0000000100000000)
  eden space 19456K, 100% used [0x00000000d5580000,0x00000000d6880000,0x00000000d6880000)
  from space 512K, 60% used [0x00000000d6880000,0x00000000d68cd6b8,0x00000000d6900000)
  to   space 1024K, 0% used [0x00000000d6980000,0x00000000d6980000,0x00000000d6a80000)
 ParOldGen       total 68608K, used 41587K [0x0000000080000000, 0x0000000084300000, 0x00000000d5580000)
  object space 68608K, 60% used [0x0000000080000000,0x000000008289ccf0,0x0000000084300000)
 Metaspace       used 60313K, committed 61632K, reserved 1114112K
  class space    used 7614K, committed 8192K, reserved 1048576K
}
Event: 49.131 GC heap after
{Heap after GC invocations=45 (full 3):
 PSYoungGen      total 19968K, used 320K [0x00000000d5580000, 0x00000000d6a00000, 0x0000000100000000)
  eden space 19456K, 0% used [0x00000000d5580000,0x00000000d5580000,0x00000000d6880000)
  from space 512K, 62% used [0x00000000d6980000,0x00000000d69d0000,0x00000000d6a00000)
  to   space 512K, 0% used [0x00000000d6880000,0x00000000d6880000,0x00000000d6900000)
 ParOldGen       total 68608K, used 41619K [0x0000000080000000, 0x0000000084300000, 0x00000000d5580000)
  object space 68608K, 60% used [0x0000000080000000,0x00000000828a4cf0,0x0000000084300000)
 Metaspace       used 60313K, committed 61632K, reserved 1114112K
  class space    used 7614K, committed 8192K, reserved 1048576K
}
Event: 50.371 GC heap before
{Heap before GC invocations=46 (full 3):
 PSYoungGen      total 19968K, used 19776K [0x00000000d5580000, 0x00000000d6a00000, 0x0000000100000000)
  eden space 19456K, 100% used [0x00000000d5580000,0x00000000d6880000,0x00000000d6880000)
  from space 512K, 62% used [0x00000000d6980000,0x00000000d69d0000,0x00000000d6a00000)
  to   space 512K, 0% used [0x00000000d6880000,0x00000000d6880000,0x00000000d6900000)
 ParOldGen       total 68608K, used 41619K [0x0000000080000000, 0x0000000084300000, 0x00000000d5580000)
  object space 68608K, 60% used [0x0000000080000000,0x00000000828a4cf0,0x0000000084300000)
 Metaspace       used 62571K, committed 64000K, reserved 1114112K
  class space    used 7972K, committed 8640K, reserved 1048576K
}
Event: 50.376 GC heap after
{Heap after GC invocations=46 (full 3):
 PSYoungGen      total 19968K, used 480K [0x00000000d5580000, 0x00000000d6a80000, 0x0000000100000000)
  eden space 19456K, 0% used [0x00000000d5580000,0x00000000d5580000,0x00000000d6880000)
  from space 512K, 93% used [0x00000000d6880000,0x00000000d68f8010,0x00000000d6900000)
  to   space 1024K, 0% used [0x00000000d6980000,0x00000000d6980000,0x00000000d6a80000)
 ParOldGen       total 68608K, used 41995K [0x0000000080000000, 0x0000000084300000, 0x00000000d5580000)
  object space 68608K, 61% used [0x0000000080000000,0x0000000082902d20,0x0000000084300000)
 Metaspace       used 62571K, committed 64000K, reserved 1114112K
  class space    used 7972K, committed 8640K, reserved 1048576K
}
Event: 57.183 GC heap before
{Heap before GC invocations=47 (full 3):
 PSYoungGen      total 19968K, used 19936K [0x00000000d5580000, 0x00000000d6a80000, 0x0000000100000000)
  eden space 19456K, 100% used [0x00000000d5580000,0x00000000d6880000,0x00000000d6880000)
  from space 512K, 93% used [0x00000000d6880000,0x00000000d68f8010,0x00000000d6900000)
  to   space 1024K, 0% used [0x00000000d6980000,0x00000000d6980000,0x00000000d6a80000)
 ParOldGen       total 68608K, used 41995K [0x0000000080000000, 0x0000000084300000, 0x00000000d5580000)
  object space 68608K, 61% used [0x0000000080000000,0x0000000082902d20,0x0000000084300000)
 Metaspace       used 63389K, committed 64832K, reserved 1114112K
  class space    used 8057K, committed 8704K, reserved 1048576K
}
Event: 57.186 GC heap after
{Heap after GC invocations=47 (full 3):
 PSYoungGen      total 20480K, used 624K [0x00000000d5580000, 0x00000000d6a80000, 0x0000000100000000)
  eden space 19456K, 0% used [0x00000000d5580000,0x00000000d5580000,0x00000000d6880000)
  from space 1024K, 60% used [0x00000000d6980000,0x00000000d6a1c010,0x00000000d6a80000)
  to   space 1024K, 0% used [0x00000000d6880000,0x00000000d6880000,0x00000000d6980000)
 ParOldGen       total 68608K, used 42467K [0x0000000080000000, 0x0000000084300000, 0x00000000d5580000)
  object space 68608K, 61% used [0x0000000080000000,0x0000000082978d30,0x0000000084300000)
 Metaspace       used 63389K, committed 64832K, reserved 1114112K
  class space    used 8057K, committed 8704K, reserved 1048576K
}
Event: 59.209 GC heap before
{Heap before GC invocations=48 (full 3):
 PSYoungGen      total 20480K, used 20065K [0x00000000d5580000, 0x00000000d6a80000, 0x0000000100000000)
  eden space 19456K, 99% used [0x00000000d5580000,0x00000000d687c438,0x00000000d6880000)
  from space 1024K, 60% used [0x00000000d6980000,0x00000000d6a1c010,0x00000000d6a80000)
  to   space 1024K, 0% used [0x00000000d6880000,0x00000000d6880000,0x00000000d6980000)
 ParOldGen       total 68608K, used 42467K [0x0000000080000000, 0x0000000084300000, 0x00000000d5580000)
  object space 68608K, 61% used [0x0000000080000000,0x0000000082978d30,0x0000000084300000)
 Metaspace       used 63990K, committed 65408K, reserved 1114112K
  class space    used 8143K, committed 8768K, reserved 1048576K
}
Event: 59.214 GC heap after
{Heap after GC invocations=48 (full 3):
 PSYoungGen      total 20480K, used 1023K [0x00000000d5580000, 0x00000000d6c80000, 0x0000000100000000)
  eden space 19456K, 0% used [0x00000000d5580000,0x00000000d5580000,0x00000000d6880000)
  from space 1024K, 99% used [0x00000000d6880000,0x00000000d697fe18,0x00000000d6980000)
  to   space 2048K, 0% used [0x00000000d6a80000,0x00000000d6a80000,0x00000000d6c80000)
 ParOldGen       total 68608K, used 42971K [0x0000000080000000, 0x0000000084300000, 0x00000000d5580000)
  object space 68608K, 62% used [0x0000000080000000,0x00000000829f6d50,0x0000000084300000)
 Metaspace       used 63990K, committed 65408K, reserved 1114112K
  class space    used 8143K, committed 8768K, reserved 1048576K
}
Event: 63.247 GC heap before
{Heap before GC invocations=49 (full 3):
 PSYoungGen      total 20480K, used 20479K [0x00000000d5580000, 0x00000000d6c80000, 0x0000000100000000)
  eden space 19456K, 100% used [0x00000000d5580000,0x00000000d6880000,0x00000000d6880000)
  from space 1024K, 99% used [0x00000000d6880000,0x00000000d697fe18,0x00000000d6980000)
  to   space 2048K, 0% used [0x00000000d6a80000,0x00000000d6a80000,0x00000000d6c80000)
 ParOldGen       total 68608K, used 42971K [0x0000000080000000, 0x0000000084300000, 0x00000000d5580000)
  object space 68608K, 62% used [0x0000000080000000,0x00000000829f6d50,0x0000000084300000)
 Metaspace       used 64062K, committed 65472K, reserved 1114112K
  class space    used 8152K, committed 8768K, reserved 1048576K
}
Event: 63.250 GC heap after
{Heap after GC invocations=49 (full 3):
 PSYoungGen      total 19968K, used 384K [0x00000000d5580000, 0x00000000d6b00000, 0x0000000100000000)
  eden space 19456K, 0% used [0x00000000d5580000,0x00000000d5580000,0x00000000d6880000)
  from space 512K, 75% used [0x00000000d6a80000,0x00000000d6ae0000,0x00000000d6b00000)
  to   space 1024K, 0% used [0x00000000d6900000,0x00000000d6900000,0x00000000d6a00000)
 ParOldGen       total 68608K, used 43893K [0x0000000080000000, 0x0000000084300000, 0x00000000d5580000)
  object space 68608K, 63% used [0x0000000080000000,0x0000000082add6d8,0x0000000084300000)
 Metaspace       used 64062K, committed 65472K, reserved 1114112K
  class space    used 8152K, committed 8768K, reserved 1048576K
}
Event: 154.609 GC heap before
{Heap before GC invocations=50 (full 3):
 PSYoungGen      total 19968K, used 19840K [0x00000000d5580000, 0x00000000d6b00000, 0x0000000100000000)
  eden space 19456K, 100% used [0x00000000d5580000,0x00000000d6880000,0x00000000d6880000)
  from space 512K, 75% used [0x00000000d6a80000,0x00000000d6ae0000,0x00000000d6b00000)
  to   space 1024K, 0% used [0x00000000d6900000,0x00000000d6900000,0x00000000d6a00000)
 ParOldGen       total 68608K, used 43893K [0x0000000080000000, 0x0000000084300000, 0x00000000d5580000)
  object space 68608K, 63% used [0x0000000080000000,0x0000000082add6d8,0x0000000084300000)
 Metaspace       used 64641K, committed 66048K, reserved 1114112K
  class space    used 8225K, committed 8896K, reserved 1048576K
}
Event: 154.688 GC heap after
{Heap after GC invocations=50 (full 3):
 PSYoungGen      total 20480K, used 995K [0x00000000d5580000, 0x00000000d6b80000, 0x0000000100000000)
  eden space 19456K, 0% used [0x00000000d5580000,0x00000000d5580000,0x00000000d6880000)
  from space 1024K, 97% used [0x00000000d6900000,0x00000000d69f8f08,0x00000000d6a00000)
  to   space 1536K, 0% used [0x00000000d6a00000,0x00000000d6a00000,0x00000000d6b80000)
 ParOldGen       total 68608K, used 44141K [0x0000000080000000, 0x0000000084300000, 0x00000000d5580000)
  object space 68608K, 64% used [0x0000000080000000,0x0000000082b1b6f8,0x0000000084300000)
 Metaspace       used 64641K, committed 66048K, reserved 1114112K
  class space    used 8225K, committed 8896K, reserved 1048576K
}
Event: 158.642 GC heap before
{Heap before GC invocations=51 (full 3):
 PSYoungGen      total 20480K, used 20451K [0x00000000d5580000, 0x00000000d6b80000, 0x0000000100000000)
  eden space 19456K, 100% used [0x00000000d5580000,0x00000000d6880000,0x00000000d6880000)
  from space 1024K, 97% used [0x00000000d6900000,0x00000000d69f8f08,0x00000000d6a00000)
  to   space 1536K, 0% used [0x00000000d6a00000,0x00000000d6a00000,0x00000000d6b80000)
 ParOldGen       total 68608K, used 44141K [0x0000000080000000, 0x0000000084300000, 0x00000000d5580000)
  object space 68608K, 64% used [0x0000000080000000,0x0000000082b1b6f8,0x0000000084300000)
 Metaspace       used 65003K, committed 66368K, reserved 1114112K
  class space    used 8264K, committed 8896K, reserved 1048576K
}
Event: 158.652 GC heap after
{Heap after GC invocations=51 (full 3):
 PSYoungGen      total 16896K, used 1504K [0x00000000d5580000, 0x00000000d7380000, 0x0000000100000000)
  eden space 15360K, 0% used [0x00000000d5580000,0x00000000d5580000,0x00000000d6480000)
  from space 1536K, 97% used [0x00000000d6a00000,0x00000000d6b78010,0x00000000d6b80000)
  to   space 5632K, 0% used [0x00000000d6480000,0x00000000d6480000,0x00000000d6a00000)
 ParOldGen       total 68608K, used 47265K [0x0000000080000000, 0x0000000084300000, 0x00000000d5580000)
  object space 68608K, 68% used [0x0000000080000000,0x0000000082e28708,0x0000000084300000)
 Metaspace       used 65003K, committed 66368K, reserved 1114112K
  class space    used 8264K, committed 8896K, reserved 1048576K
}

