# JRE version: Java(TM) SE Runtime Environment (8.0_381) (build 1.8.0_381-b09)
# Java VM: Java HotSpot(TM) 64-Bit Server VM (25.381-b09 mixed mode windows-amd64 compressed oops)
Heap:
 PSYoungGen      total 34816K, used 33130K [0x00000000d5580000, 0x00000000d7e80000, 0x0000000100000000)
  eden space 28672K, 98% used [0x00000000d5580000,0x00000000d7134ad8,0x00000000d7180000)
  from space 6144K, 77% used [0x00000000d7880000,0x00000000d7d25e20,0x00000000d7e80000)
  to   space 6656K, 0% used [0x00000000d7180000,0x00000000d7180000,0x00000000d7800000)
 ParOldGen       total 80896K, used 4047K [0x0000000080000000, 0x0000000084f00000, 0x00000000d5580000)
  object space 80896K, 5% used [0x0000000080000000,0x00000000803f3db0,0x0000000084f00000)
 Metaspace       used 16534K, capacity 17186K, committed 17408K, reserved 1064960K
  class space    used 2274K, capacity 2441K, committed 2560K, reserved 1048576K
GC Heap History (10 events):
Event: 11.372 GC heap before
{Heap before GC invocations=4 (full 0):
 PSYoungGen      total 35328K, used 35299K [0x00000000d5580000, 0x00000000d7c80000, 0x0000000100000000)
  eden space 30720K, 100% used [0x00000000d5580000,0x00000000d7380000,0x00000000d7380000)
  from space 4608K, 99% used [0x00000000d7380000,0x00000000d77f8f40,0x00000000d7800000)
  to   space 4608K, 0% used [0x00000000d7800000,0x00000000d7800000,0x00000000d7c80000)
 ParOldGen       total 80896K, used 410K [0x0000000080000000, 0x0000000084f00000, 0x00000000d5580000)
  object space 80896K, 0% used [0x0000000080000000,0x00000000800669b0,0x0000000084f00000)
 Metaspace       used 8126K, capacity 8418K, committed 8704K, reserved 1056768K
  class space    used 1049K, capacity 1165K, committed 1280K, reserved 1048576K
Event: 11.387 GC heap after
Heap after GC invocations=4 (full 0):
 PSYoungGen      total 35328K, used 3879K [0x00000000d5580000, 0x00000000d7c80000, 0x0000000100000000)
  eden space 30720K, 0% used [0x00000000d5580000,0x00000000d5580000,0x00000000d7380000)
  from space 4608K, 84% used [0x00000000d7800000,0x00000000d7bc9d80,0x00000000d7c80000)
  to   space 4608K, 0% used [0x00000000d7380000,0x00000000d7380000,0x00000000d7800000)
 ParOldGen       total 80896K, used 418K [0x0000000080000000, 0x0000000084f00000, 0x00000000d5580000)
  object space 80896K, 0% used [0x0000000080000000,0x00000000800689b0,0x0000000084f00000)
 Metaspace       used 8126K, capacity 8418K, committed 8704K, reserved 1056768K
  class space    used 1049K, capacity 1165K, committed 1280K, reserved 1048576K
}
Event: 13.220 GC heap before
{Heap before GC invocations=5 (full 0):
 PSYoungGen      total 35328K, used 34599K [0x00000000d5580000, 0x00000000d7c80000, 0x0000000100000000)
  eden space 30720K, 100% used [0x00000000d5580000,0x00000000d7380000,0x00000000d7380000)
  from space 4608K, 84% used [0x00000000d7800000,0x00000000d7bc9d80,0x00000000d7c80000)
  to   space 4608K, 0% used [0x00000000d7380000,0x00000000d7380000,0x00000000d7800000)
 ParOldGen       total 80896K, used 418K [0x0000000080000000, 0x0000000084f00000, 0x00000000d5580000)
  object space 80896K, 0% used [0x0000000080000000,0x00000000800689b0,0x0000000084f00000)
 Metaspace       used 8169K, capacity 8482K, committed 8704K, reserved 1056768K
  class space    used 1051K, capacity 1165K, committed 1280K, reserved 1048576K
Event: 13.229 GC heap after
Heap after GC invocations=5 (full 0):
 PSYoungGen      total 34816K, used 4604K [0x00000000d5580000, 0x00000000d7f00000, 0x0000000100000000)
  eden space 30208K, 0% used [0x00000000d5580000,0x00000000d5580000,0x00000000d7300000)
  from space 4608K, 99% used [0x00000000d7380000,0x00000000d77ff070,0x00000000d7800000)
  to   space 6144K, 0% used [0x00000000d7900000,0x00000000d7900000,0x00000000d7f00000)
 ParOldGen       total 80896K, used 554K [0x0000000080000000, 0x0000000084f00000, 0x00000000d5580000)
  object space 80896K, 0% used [0x0000000080000000,0x000000008008abb8,0x0000000084f00000)
 Metaspace       used 8169K, capacity 8482K, committed 8704K, reserved 1056768K
  class space    used 1051K, capacity 1165K, committed 1280K, reserved 1048576K
}
Event: 14.898 GC heap before
{Heap before GC invocations=6 (full 0):
 PSYoungGen      total 34816K, used 34812K [0x00000000d5580000, 0x00000000d7f00000, 0x0000000100000000)
  eden space 30208K, 100% used [0x00000000d5580000,0x00000000d7300000,0x00000000d7300000)
  from space 4608K, 99% used [0x00000000d7380000,0x00000000d77ff070,0x00000000d7800000)
  to   space 6144K, 0% used [0x00000000d7900000,0x00000000d7900000,0x00000000d7f00000)
 ParOldGen       total 80896K, used 554K [0x0000000080000000, 0x0000000084f00000, 0x00000000d5580000)
  object space 80896K, 0% used [0x0000000080000000,0x000000008008abb8,0x0000000084f00000)
 Metaspace       used 8754K, capacity 9100K, committed 9344K, reserved 1056768K
  class space    used 1167K, capacity 1304K, committed 1408K, reserved 1048576K
Event: 14.921 GC heap after
Heap after GC invocations=6 (full 0):
 PSYoungGen      total 35840K, used 5632K [0x00000000d5580000, 0x00000000d7f80000, 0x0000000100000000)
  eden space 29696K, 0% used [0x00000000d5580000,0x00000000d5580000,0x00000000d7280000)
  from space 6144K, 91% used [0x00000000d7900000,0x00000000d7e801c8,0x00000000d7f00000)
  to   space 6656K, 0% used [0x00000000d7280000,0x00000000d7280000,0x00000000d7900000)
 ParOldGen       total 80896K, used 562K [0x0000000080000000, 0x0000000084f00000, 0x00000000d5580000)
  object space 80896K, 0% used [0x0000000080000000,0x000000008008cbb8,0x0000000084f00000)
 Metaspace       used 8754K, capacity 9100K, committed 9344K, reserved 1056768K
  class space    used 1167K, capacity 1304K, committed 1408K, reserved 1048576K
}
Event: 22.003 GC heap before
{Heap before GC invocations=7 (full 0):
 PSYoungGen      total 35840K, used 35328K [0x00000000d5580000, 0x00000000d7f80000, 0x0000000100000000)
  eden space 29696K, 100% used [0x00000000d5580000,0x00000000d7280000,0x00000000d7280000)
  from space 6144K, 91% used [0x00000000d7900000,0x00000000d7e801c8,0x00000000d7f00000)
  to   space 6656K, 0% used [0x00000000d7280000,0x00000000d7280000,0x00000000d7900000)
 ParOldGen       total 80896K, used 562K [0x0000000080000000, 0x0000000084f00000, 0x00000000d5580000)
  object space 80896K, 0% used [0x0000000080000000,0x000000008008cbb8,0x0000000084f00000)
 Metaspace       used 11175K, capacity 11584K, committed 11648K, reserved 1058816K
  class space    used 1517K, capacity 1638K, committed 1664K, reserved 1048576K
Event: 22.021 GC heap after
Heap after GC invocations=7 (full 0):
 PSYoungGen      total 34304K, used 4880K [0x00000000d5580000, 0x00000000d7f00000, 0x0000000100000000)
  eden space 29184K, 0% used [0x00000000d5580000,0x00000000d5580000,0x00000000d7200000)
  from space 5120K, 95% used [0x00000000d7280000,0x00000000d7744300,0x00000000d7780000)
  to   space 6656K, 0% used [0x00000000d7880000,0x00000000d7880000,0x00000000d7f00000)
 ParOldGen       total 80896K, used 2547K [0x0000000080000000, 0x0000000084f00000, 0x00000000d5580000)
  object space 80896K, 3% used [0x0000000080000000,0x000000008027cc68,0x0000000084f00000)
 Metaspace       used 11175K, capacity 11584K, committed 11648K, reserved 1058816K
  class space    used 1517K, capacity 1638K, committed 1664K, reserved 1048576K
}
Event: 34.372 GC heap before
{Heap before GC invocations=8 (full 0):
 PSYoungGen      total 34304K, used 34064K [0x00000000d5580000, 0x00000000d7f00000, 0x0000000100000000)
  eden space 29184K, 100% used [0x00000000d5580000,0x00000000d7200000,0x00000000d7200000)
  from space 5120K, 95% used [0x00000000d7280000,0x00000000d7744300,0x00000000d7780000)
  to   space 6656K, 0% used [0x00000000d7880000,0x00000000d7880000,0x00000000d7f00000)
 ParOldGen       total 80896K, used 2547K [0x0000000080000000, 0x0000000084f00000, 0x00000000d5580000)
  object space 80896K, 3% used [0x0000000080000000,0x000000008027cc88,0x0000000084f00000)
 Metaspace       used 14117K, capacity 14598K, committed 14848K, reserved 1062912K
  class space    used 1922K, capacity 2023K, committed 2048K, reserved 1048576K
Event: 34.389 GC heap after
Heap after GC invocations=8 (full 0):
 PSYoungGen      total 34816K, used 4759K [0x00000000d5580000, 0x00000000d7e80000, 0x0000000100000000)
  eden space 28672K, 0% used [0x00000000d5580000,0x00000000d5580000,0x00000000d7180000)
  from space 6144K, 77% used [0x00000000d7880000,0x00000000d7d25e20,0x00000000d7e80000)
  to   space 6656K, 0% used [0x00000000d7180000,0x00000000d7180000,0x00000000d7800000)
 ParOldGen       total 80896K, used 4047K [0x0000000080000000, 0x0000000084f00000, 0x00000000d5580000)
  object space 80896K, 5% used [0x0000000080000000,0x00000000803f3db0,0x0000000084f00000)
 Metaspace       used 14117K, capacity 14598K, committed 14848K, reserved 1062912K
  class space    used 1922K, capacity 2023K, committed 2048K, reserved 1048576K
}

